INFO:root:starting with args: Namespace(path='test', configure=True)
INFO:root:configure flag found, starting configuration
INFO:__main__:Downloading Arch Linux Test
INFO:__main__:Downloading Arch Linux Test x86_64
INFO:__main__:Verifying Arch Linux Test x86_64
INFO:__main__:Arch Linux Test x86_64 download failed
INFO:__main__:Downloading Arch Linux Test
INFO:__main__:Downloading Arch Linux Test x86_64
INFO:__main__:Verifying Arch Linux Test x86_64
INFO:root:starting with args: Namespace(path='test', configure=True)
INFO:root:configure flag found, starting configuration
INFO:__main__:Downloading Arch Linux
INFO:__main__:Downloading Arch Linux x86_64
INFO:__main__:Verifying Arch Linux x86_64
INFO:__main__:Arch Linux x86_64 downloaded successfully
INFO:__main__:Downloading Arch Linux Test
INFO:__main__:Downloading Arch Linux Test x86_64
INFO:__main__:Verifying Arch Linux Test x86_64
INFO:__main__:Arch Linux Test x86_64 downloaded successfully
INFO:root:starting with args: Namespace(path='test', configure=True)
INFO:root:no config file found in test
INFO:root:configure flag found, starting configuration
INFO:root:starting with args: Namespace(path='test', configure=True)
INFO:root:no config file found in test
INFO:root:configure flag found, starting configuration
INFO:root:starting with args: Namespace(path='test', configure=True)
INFO:root:no config file found in test
INFO:root:configure flag found, starting configuration
INFO:root:starting with args: Namespace(path='test', configure=True)
INFO:root:configure flag found, starting configuration
INFO:root:starting with args: Namespace(path='test', configure=True)
INFO:root:configure flag found, starting configuration
INFO:root:starting with args: Namespace(path='test', configure=True)
INFO:root:configure flag found, starting configuration
INFO:root:starting with args: Namespace(path='test', configure=True)
INFO:root:configure flag found, starting configuration
INFO:root:starting with args: Namespace(path='test', configure=True)
INFO:root:configure flag found, starting configuration
INFO:root:starting with args: Namespace(path='test', configure=True)
INFO:root:configure flag found, starting configuration
INFO:root:starting with args: Namespace(path='test', configure=True)
INFO:root:configure flag found, starting configuration
INFO:root:starting with args: Namespace(path='test', configure=True)
INFO:root:configure flag found, starting configuration
INFO:root:starting with args: Namespace(path='test', configure=True)
INFO:root:configure flag found, starting configuration
INFO:root:starting with args: Namespace(path='test', configure=True)
INFO:root:configure flag found, starting configuration
INFO:root:starting with args: Namespace(path='test', configure=True)
INFO:root:configure flag found, starting configuration
INFO:root:starting with args: Namespace(path='test', configure=True)
INFO:root:configure flag found, starting configuration
INFO:root:starting with args: Namespace(path='test', configure=True)
INFO:root:configure flag found, starting configuration
INFO:root:starting with args: Namespace(path='test', configure=True)
INFO:root:configure flag found, starting configuration
INFO:root:starting with args: Namespace(path='test', configure=True)
INFO:root:configure flag found, starting configuration
INFO:root:starting with args: Namespace(path='test', configure=True)
INFO:root:configure flag found, starting configuration
INFO:root:starting with args: Namespace(path='test', configure=True)
INFO:root:configure flag found, starting configuration
INFO:root:starting with args: Namespace(path='test', configure=True)
INFO:root:starting with args: Namespace(path='test', configure=True)
INFO:root:starting with args: Namespace(path='test', configure=True)
INFO:root:configure flag found, starting configuration
INFO:root:starting with args: Namespace(path='test', configure=True)
INFO:root:configure flag found, starting configuration
INFO:root:starting with args: Namespace(path='test', configure=True)
INFO:root:configure flag found, starting configuration
INFO:root:starting with args: Namespace(path='test', configure=True)
INFO:root:starting with args: Namespace(path='test', configure=True)
INFO:root:configure flag found, starting configuration
INFO:root:starting with args: Namespace(path='test', configure=True)
INFO:root:configure flag found, starting configuration
INFO:root:starting with args: Namespace(path='test', configure=True)
INFO:root:configure flag found, starting configuration
INFO:root:starting with args: Namespace(path='test', configure=True)
INFO:root:configure flag found, starting configuration
INFO:root:starting with args: Namespace(path='test', configure=True)
INFO:root:configure flag found, starting configuration
INFO:root:starting with args: Namespace(path='test', configure=True)
INFO:root:configure flag found, starting configuration
INFO:root:starting with args: Namespace(path='test', configure=True)
INFO:root:configure flag found, starting configuration
INFO:root:starting with args: Namespace(path='test', configure=True)
INFO:root:configure flag found, starting configuration
INFO:root:starting with args: Namespace(path='test', configure=True)
INFO:root:configure flag found, starting configuration
INFO:root:starting with args: Namespace(path='test', configure=True)
INFO:root:configure flag found, starting configuration
INFO:root:starting with args: Namespace(path='test', configure=True)
INFO:root:configure flag found, starting configuration
INFO:root:starting with args: Namespace(path='test', configure=True)
INFO:root:configure flag found, starting configuration
INFO:root:starting with args: Namespace(path='test', configure=True)
INFO:root:configure flag found, starting configuration
INFO:root:starting with args: Namespace(path='test', configure=True)
INFO:root:configure flag found, starting configuration
INFO:root:starting with args: Namespace(path='test', configure=True)
INFO:root:configure flag found, starting configuration
INFO:root:starting with args: Namespace(path='test', configure=True)
INFO:root:configure flag found, starting configuration
INFO:root:starting with args: Namespace(path='test', configure=True)
INFO:root:configure flag found, starting configuration
INFO:root:starting with args: Namespace(path='test', configure=True)
INFO:root:configure flag found, starting configuration
INFO:root:starting with args: Namespace(path='test', configure=True)
INFO:root:configure flag found, starting configuration
INFO:root:starting with args: Namespace(path='test', configure=True)
INFO:root:configure flag found, starting configuration
INFO:root:starting with args: Namespace(path='test', configure=True)
INFO:root:configure flag found, starting configuration
INFO:root:starting with args: Namespace(path='test', configure=True)
INFO:root:configure flag found, starting configuration
INFO:root:starting with args: Namespace(path='test', configure=True)
INFO:root:configure flag found, starting configuration
INFO:root:starting with args: Namespace(path='test', configure=True)
INFO:root:configure flag found, starting configuration
INFO:root:starting with args: Namespace(path='test', configure=True)
INFO:root:configure flag found, starting configuration
INFO:root:starting with args: Namespace(path='test', configure=True)
INFO:root:configure flag found, starting configuration
INFO:__main__:Downloading Arch Linux
INFO:root:starting with args: Namespace(path='test', configure=True)
INFO:root:configure flag found, starting configuration
INFO:__main__:Downloading Arch Linux
INFO:__main__:Downloading Arch Linux x86_64
INFO:root:starting with args: Namespace(path='test', configure=True)
INFO:root:configure flag found, starting configuration
INFO:root:starting with args: Namespace(path='test', configure=True)
INFO:root:configure flag found, starting configuration
INFO:__main__:Downloading Arch Linux Test
INFO:root:starting with args: Namespace(path='test', configure=True)
INFO:root:configure flag found, starting configuration
INFO:__main__:Downloading Arch Linux Test
INFO:__main__:Downloading Arch Linux Test x86_64
INFO:__main__:Verifying Arch Linux Test x86_64
INFO:__main__:Arch Linux Test x86_64 download failed
INFO:root:starting with args: Namespace(path='test', configure=True)
INFO:root:configure flag found, starting configuration
INFO:root:starting with args: Namespace(path='test', configure=True)
INFO:root:configure flag found, starting configuration
INFO:root:starting with args: Namespace(path='test', configure=True)
INFO:root:configure flag found, starting configuration
INFO:root:starting with args: Namespace(path='test', configure=True)
INFO:root:configure flag found, starting configuration
INFO:__main__:Downloading Arch Linux
INFO:root:starting with args: Namespace(path='test', configure=True)
INFO:root:configure flag found, starting configuration
INFO:__main__:Downloading Arch Linux
INFO:__main__:Downloading Arch Linux x86_64
INFO:__main__:Verifying Arch Linux x86_64
INFO:__main__:Arch Linux x86_64 downloaded successfully
INFO:__main__:Downloading Arch Linux Test
INFO:__main__:Downloading Arch Linux Test x86_64
INFO:__main__:Verifying Arch Linux Test x86_64
INFO:__main__:Arch Linux Test x86_64 downloaded successfully
INFO:__main__:Downloading Arch Linux Test
INFO:root:starting with args: Namespace(path='test', configure=True)
INFO:root:configure flag found, starting configuration
INFO:__main__:Downloading Arch Linux Test
INFO:root:archlinux-x86_64.iso is present
INFO:root:starting with args: Namespace(path='test', configure=True)
INFO:root:configure flag found, starting configuration
INFO:__main__:Downloading Arch Linux Test
INFO:root:archlinux-x86_64.iso is present
INFO:root:starting with args: Namespace(path='test', configure=True)
INFO:root:configure flag found, starting configuration
INFO:__main__:Downloading Arch Linux Test
INFO:root:archlinux-x86_64.iso is present
INFO:root:starting with args: Namespace(path='test', configure=True)
INFO:root:configure flag found, starting configuration
INFO:__main__:Downloading Arch Linux Test
INFO:root:archlinux-x86_64.iso is present
INFO:__main__:Downloading Arch Linux Test x86_64
INFO:__main__:Verifying Arch Linux Test x86_64
INFO:root:starting with args: Namespace(path='test', configure=True)
INFO:root:configure flag found, starting configuration
INFO:__main__:Downloading Arch Linux Test
INFO:root:archlinux-x86_64.iso is present
INFO:root:Arch Linux Test x86_64 is old, redownloading
INFO:__main__:Downloading Arch Linux Test x86_64
INFO:__main__:Verifying Arch Linux Test x86_64
INFO:__main__:Arch Linux Test x86_64 download failed
INFO:__main__:Downloading Arch Linux Test
INFO:root:archlinux-x86_64.iso is present
INFO:root:Arch Linux Test x86_64 is old, redownloading
INFO:__main__:Downloading Arch Linux Test x86_64
INFO:__main__:Verifying Arch Linux Test x86_64
INFO:__main__:Arch Linux Test x86_64 download failed
INFO:root:starting with args: Namespace(path='test', configure=True)
INFO:root:configure flag found, starting configuration
INFO:__main__:Downloading Arch Linux
INFO:__main__:Downloading Arch Linux x86_64
INFO:__main__:Verifying Arch Linux x86_64
INFO:__main__:Arch Linux x86_64 download failed
INFO:__main__:Downloading Ubuntu
INFO:root:starting with args: Namespace(path='test', configure=True)
INFO:root:configure flag found, starting configuration
INFO:__main__:Downloading Arch Linux
INFO:root:archlinux-x86_64.iso is present
INFO:root:Arch Linux x86_64 is old, redownloading
INFO:__main__:Downloading Arch Linux x86_64
INFO:root:starting with args: Namespace(path='test', configure=True)
INFO:root:configure flag found, starting configuration
INFO:__main__:Downloading Arch Linux
INFO:root:archlinux-x86_64.iso is present
INFO:root:Arch Linux x86_64 is old, redownloading
INFO:__main__:Downloading Arch Linux x86_64
INFO:root:starting with args: Namespace(path='test', configure=True)
INFO:root:configure flag found, starting configuration
INFO:__main__:Downloading Arch Linux
INFO:root:archlinux-x86_64.iso is present
INFO:root:starting with args: Namespace(path='test', configure=True)
INFO:root:configure flag found, starting configuration
INFO:__main__:Downloading Arch Linux
INFO:root:archlinux-x86_64.iso is present
INFO:root:starting with args: Namespace(path='test', configure=True)
INFO:root:configure flag found, starting configuration
INFO:__main__:Downloading Arch Linux
INFO:root:archlinux-x86_64.iso is present
INFO:root:starting with args: Namespace(path='test', configure=True)
INFO:root:configure flag found, starting configuration
INFO:__main__:Downloading Arch Linux
INFO:root:archlinux-x86_64.iso is present
INFO:root:starting with args: Namespace(path='test', configure=True)
INFO:root:configure flag found, starting configuration
INFO:__main__:Downloading Arch Linux
INFO:root:archlinux-x86_64.iso is present
INFO:root:Arch Linux x86_64 is up to date
INFO:__main__:Downloading Ubuntu
INFO:root:starting with args: Namespace(path='test', configure=True)
INFO:root:configure flag found, starting configuration
INFO:__main__:Downloading Arch Linux
INFO:root:archlinux-x86_64.iso is present
INFO:root:Arch Linux x86_64 is up to date
INFO:__main__:Downloading Ubuntu
INFO:root:starting with args: Namespace(path='test', configure=True)
INFO:root:configure flag found, starting configuration
INFO:__main__:Downloading Arch Linux
INFO:root:archlinux-x86_64.iso is present
INFO:root:Arch Linux x86_64 is up to date
INFO:__main__:Downloading Ubuntu
INFO:__main__:Downloading Ubuntu amd64
INFO:root:starting with args: Namespace(path='test', configure=True)
INFO:root:configure flag found, starting configuration
INFO:__main__:Downloading Arch Linux
INFO:__main__:Downloading Arch Linux x86_64
INFO:__main__:Verifying Arch Linux x86_64
INFO:__main__:Arch Linux x86_64 downloaded successfully
INFO:__main__:Downloading Ubuntu
INFO:__main__:Downloading Ubuntu amd64
INFO:__main__:Verifying Ubuntu amd64
INFO:root:starting with args: Namespace(path='test', configure=True)
INFO:root:configure flag found, starting configuration
INFO:__main__:Downloading Arch Linux
INFO:root:archlinux-x86_64.iso is present
INFO:root:Arch Linux x86_64 is up to date
INFO:__main__:Downloading Ubuntu
INFO:root:ubuntu-24.10-desktop-amd64.iso is present
INFO:root:Ubuntu amd64 is old, redownloading
INFO:__main__:Downloading Ubuntu amd64
INFO:__main__:Verifying Ubuntu amd64
INFO:__main__:Ubuntu amd64 download failed
INFO:__main__:Downloading Ubuntu arm64
INFO:root:starting with args: Namespace(path='test', configure=True)
INFO:root:configure flag found, starting configuration
INFO:__main__:Downloading Debian
INFO:root:starting with args: Namespace(path='test', configure=True)
INFO:root:configure flag found, starting configuration
INFO:__main__:Downloading Debian
INFO:root:starting with args: Namespace(path='test', configure=True)
INFO:root:configure flag found, starting configuration
INFO:__main__:Downloading Debian
INFO:__main__:Downloading Debian amd64
INFO:root:starting with args: Namespace(path='test', configure=True)
INFO:root:configure flag found, starting configuration
INFO:__main__:Downloading Debian
INFO:__main__:Downloading Debian amd64
INFO:root:starting with args: Namespace(path='test', configure=True)
INFO:root:configure flag found, starting configuration
INFO:root:starting with args: Namespace(path='test', configure=True)
INFO:root:configure flag found, starting configuration
INFO:__main__:Downloading Debian
INFO:__main__:Downloading Debian amd64
INFO:__main__:Verifying Debian amd64
INFO:root:starting with args: Namespace(path='test', configure=True)
INFO:root:configure flag found, starting configuration
INFO:__main__:Downloading Debian
INFO:__main__:Downloading Debian amd64
INFO:root:starting with args: Namespace(path='test', configure=True)
INFO:root:configure flag found, starting configuration
INFO:__main__:Downloading Debian
INFO:__main__:Downloading Debian amd64
INFO:root:starting with args: Namespace(path='test', configure=True)
INFO:root:configure flag found, starting configuration
INFO:__main__:Downloading Debian
INFO:__main__:Downloading Debian amd64
INFO:__main__:Verifying Debian amd64
INFO:root:starting with args: Namespace(path='test', configure=True)
INFO:root:configure flag found, starting configuration
INFO:__main__:Downloading Debian
INFO:root:debian-12.10.0-netinst.iso is present
INFO:root:starting with args: Namespace(path='test', configure=True)
INFO:root:configure flag found, starting configuration
INFO:__main__:Downloading Debian
INFO:root:debian-12.10.0-netinst.iso is present
INFO:root:starting with args: Namespace(path='test', configure=True)
INFO:root:configure flag found, starting configuration
INFO:__main__:Downloading Debian
INFO:root:debian-12.10.0-netinst.iso is present
INFO:root:starting with args: Namespace(path='test', configure=True)
INFO:root:configure flag found, starting configuration
INFO:__main__:Downloading Debian
INFO:root:debian-12.10.0-netinst.iso is present
INFO:root:starting with args: Namespace(path='test', configure=True)
INFO:root:configure flag found, starting configuration
INFO:__main__:Downloading Debian
INFO:root:debian-12.10.0-netinst.iso is present
INFO:root:Debian amd64 is old, redownloading
INFO:__main__:Downloading Debian amd64
INFO:__main__:Verifying Debian amd64
INFO:__main__:Debian amd64 download failed
INFO:root:starting with args: Namespace(path='test', configure=True)
INFO:root:configure flag found, starting configuration
INFO:__main__:Downloading Debian
INFO:root:debian-12.10.0-netinst.iso is present
INFO:root:Debian amd64 is old, redownloading
INFO:__main__:Downloading Debian amd64
INFO:root:starting with args: Namespace(path='test', configure=True)
INFO:root:configure flag found, starting configuration
INFO:__main__:Downloading Debian
INFO:root:debian-12.10.0-netinst.iso is present
INFO:root:Debian amd64 is old, redownloading
INFO:__main__:Downloading Debian amd64
INFO:__main__:Verifying Debian amd64
INFO:root:starting with args: Namespace(path='test', configure=True)
INFO:root:configure flag found, starting configuration
INFO:__main__:Downloading Debian
INFO:root:debian-12.10.0-netinst.iso is present
INFO:root:Debian amd64 is old, redownloading
INFO:__main__:Downloading Debian amd64
INFO:root:starting with args: Namespace(path='test', configure=True)
INFO:root:configure flag found, starting configuration
INFO:__main__:Downloading Debian
INFO:__main__:Downloading Debian amd64
INFO:root:starting with args: Namespace(path='test', configure=True)
INFO:root:configure flag found, starting configuration
INFO:__main__:Downloading Debian
INFO:root:starting with args: Namespace(path='test', configure=True)
INFO:root:configure flag found, starting configuration
INFO:__main__:Downloading Debian
INFO:root:starting with args: Namespace(path='test', configure=True)
INFO:root:configure flag found, starting configuration
INFO:__main__:Downloading Debian
INFO:root:debian-12.10.0-amd64-netinst.iso is present
INFO:distros:Calculated checksum: 4b553866465e6610a00c0c4b6c477a652e6ff26f3a825b17412a18735efb754e
INFO:root:Debian amd64 is old, redownloading
INFO:__main__:Downloading Debian amd64
INFO:__main__:Verifying Debian amd64
INFO:distros:Calculated checksum: ee8d8579128977d7dc39d48f43aec5ab06b7f09e1f40a9d98f2a9d149221704a
INFO:__main__:Debian amd64 downloaded successfully
INFO:root:starting with args: Namespace(path='test', configure=True)
INFO:root:configure flag found, starting configuration
INFO:__main__:Downloading Debian
INFO:root:debian-12.10.0-amd64-netinst.iso is present
INFO:distros:Calculated checksum: ee8d8579128977d7dc39d48f43aec5ab06b7f09e1f40a9d98f2a9d149221704a
INFO:root:Debian amd64 is up to date
INFO:__main__:Downloading Debian
INFO:root:debian-12.10.0-amd64-netinst.iso is present
INFO:distros:Calculated checksum: ee8d8579128977d7dc39d48f43aec5ab06b7f09e1f40a9d98f2a9d149221704a
INFO:root:Debian amd64 is up to date
INFO:__main__:Downloading Debian arm64
INFO:__main__:Verifying Debian arm64
INFO:distros:Calculated checksum: 94d3460a0ea9b43f538af7edfe1c882d5b6ecd1837f3f560379b148d36f59d19
INFO:__main__:Debian arm64 downloaded successfully
INFO:__main__:Downloading Arch Linux
INFO:root:archlinux-x86_64.iso is present
INFO:distros:Calculated checksum: 8150e3c1a479de9134baa13cea4ff78856cca5ebeb9bdfa87ecfce2e47ac9b5b
INFO:root:Arch Linux x86_64 is up to date
INFO:__main__:Downloading Ubuntu
INFO:root:ubuntu-24.10-desktop-amd64.iso is present
INFO:root:Ubuntu amd64 is old, redownloading
INFO:__main__:Downloading Ubuntu amd64
INFO:root:starting with args: Namespace(path='test', configure=True)
INFO:root:configure flag found, starting configuration
INFO:__main__:Downloading Debian
INFO:root:debian-12.10.0-amd64-netinst.iso is present
INFO:distros:Calculated checksum: ee8d8579128977d7dc39d48f43aec5ab06b7f09e1f40a9d98f2a9d149221704a
INFO:root:Debian amd64 is up to date
INFO:root:debian-12.10.0-arm64-netinst.iso is present
INFO:distros:Calculated checksum: 94d3460a0ea9b43f538af7edfe1c882d5b6ecd1837f3f560379b148d36f59d19
INFO:root:Debian arm64 is up to date
INFO:__main__:Downloading Arch Linux
INFO:root:archlinux-x86_64.iso is present
INFO:distros:Calculated checksum: 8150e3c1a479de9134baa13cea4ff78856cca5ebeb9bdfa87ecfce2e47ac9b5b
INFO:root:Arch Linux x86_64 is up to date
INFO:__main__:Downloading Ubuntu
INFO:root:ubuntu-24.10-desktop-amd64.iso is present
INFO:root:Ubuntu amd64 is old, redownloading
INFO:__main__:Downloading Ubuntu amd64
INFO:root:starting with args: Namespace(path='test', configure=True)
INFO:root:configure flag found, starting configuration
INFO:__main__:Downloading Debian
INFO:root:debian-12.10.0-amd64-netinst.iso is present
INFO:distros:Calculated checksum: ee8d8579128977d7dc39d48f43aec5ab06b7f09e1f40a9d98f2a9d149221704a
INFO:root:Debian amd64 is up to date
INFO:root:debian-12.10.0-arm64-netinst.iso is present
INFO:distros:Calculated checksum: 94d3460a0ea9b43f538af7edfe1c882d5b6ecd1837f3f560379b148d36f59d19
INFO:root:Debian arm64 is up to date
INFO:__main__:Downloading Arch Linux
INFO:root:archlinux-x86_64.iso is present
INFO:distros:Calculated checksum: 8150e3c1a479de9134baa13cea4ff78856cca5ebeb9bdfa87ecfce2e47ac9b5b
INFO:root:Arch Linux x86_64 is up to date
INFO:__main__:Downloading Ubuntu
INFO:root:ubuntu-24.10-desktop-amd64.iso is present
INFO:root:Ubuntu amd64 is old, redownloading
INFO:__main__:Downloading Ubuntu amd64
INFO:root:starting with args: Namespace(path='test', configure=True)
INFO:root:configure flag found, starting configuration
INFO:__main__:Checking Debian
INFO:root:debian-12.10.0-amd64-netinst.iso is present
INFO:distros:Calculated checksum: ee8d8579128977d7dc39d48f43aec5ab06b7f09e1f40a9d98f2a9d149221704a
INFO:root:Debian amd64 is up to date
INFO:root:debian-12.10.0-arm64-netinst.iso is present
INFO:distros:Calculated checksum: 94d3460a0ea9b43f538af7edfe1c882d5b6ecd1837f3f560379b148d36f59d19
INFO:root:Debian arm64 is up to date
INFO:__main__:Checking Arch Linux
INFO:root:archlinux-x86_64.iso is present
INFO:distros:Calculated checksum: 8150e3c1a479de9134baa13cea4ff78856cca5ebeb9bdfa87ecfce2e47ac9b5b
INFO:root:Arch Linux x86_64 is up to date
INFO:__main__:Checking Ubuntu
INFO:root:ubuntu-24.10-desktop-amd64.iso is present
INFO:root:Ubuntu amd64 is old, redownloading
INFO:__main__:Downloading Ubuntu amd64
INFO:__main__:Verifying Ubuntu amd64
INFO:__main__:Ubuntu amd64 download failed
INFO:root:starting with args: Namespace(path='test', configure=True)
INFO:root:configure flag found, starting configuration
INFO:__main__:Checking Debian
INFO:root:debian-12.10.0-amd64-netinst.iso is present
INFO:distros:getting checksums
INFO:distros:verifying checksum for debian-12.10.0-amd64-netinst.iso
INFO:distros:comparing ee8d8579128977d7dc39d48f43aec5ab06b7f09e1f40a9d98f2a9d149221704a with ee8d8579128977d7dc39d48f43aec5ab06b7f09e1f40a9d98f2a9d149221704a
INFO:distros:checksum correct
INFO:root:Debian amd64 is up to date
INFO:root:debian-12.10.0-arm64-netinst.iso is present
INFO:distros:getting checksums
INFO:distros:verifying checksum for debian-12.10.0-arm64-netinst.iso
INFO:distros:comparing 94d3460a0ea9b43f538af7edfe1c882d5b6ecd1837f3f560379b148d36f59d19 with 94d3460a0ea9b43f538af7edfe1c882d5b6ecd1837f3f560379b148d36f59d19
INFO:distros:checksum correct
INFO:root:Debian arm64 is up to date
INFO:__main__:Checking Arch Linux
INFO:root:archlinux-x86_64.iso is present
INFO:distros:getting checksums
INFO:distros:verifying checksum for archlinux-x86_64.iso
INFO:distros:comparing 8150e3c1a479de9134baa13cea4ff78856cca5ebeb9bdfa87ecfce2e47ac9b5b with 8150e3c1a479de9134baa13cea4ff78856cca5ebeb9bdfa87ecfce2e47ac9b5b
INFO:distros:checksum correct
INFO:root:Arch Linux x86_64 is up to date
INFO:__main__:Checking Ubuntu
INFO:root:ubuntu-24.10-desktop-amd64.iso is present
INFO:distros:getting checksums
INFO:distros:verifying checksum for ubuntu-24.10-desktop-amd64.iso
INFO:distros:filename not found in checksums
INFO:root:Ubuntu amd64 is old, redownloading
INFO:__main__:Downloading Ubuntu amd64
INFO:root:starting with args: Namespace(path='test', configure=True)
INFO:root:configure flag found, starting configuration
INFO:__main__:Checking Debian
INFO:root:debian-12.10.0-amd64-netinst.iso is present
INFO:distros:getting checksums
INFO:distros:verifying checksum for debian-12.10.0-amd64-netinst.iso
INFO:distros:comparing ee8d8579128977d7dc39d48f43aec5ab06b7f09e1f40a9d98f2a9d149221704a with ee8d8579128977d7dc39d48f43aec5ab06b7f09e1f40a9d98f2a9d149221704a
INFO:distros:checksum correct
INFO:root:Debian amd64 is up to date
INFO:root:debian-12.10.0-arm64-netinst.iso is present
INFO:distros:getting checksums
INFO:distros:verifying checksum for debian-12.10.0-arm64-netinst.iso
INFO:distros:comparing 94d3460a0ea9b43f538af7edfe1c882d5b6ecd1837f3f560379b148d36f59d19 with 94d3460a0ea9b43f538af7edfe1c882d5b6ecd1837f3f560379b148d36f59d19
INFO:distros:checksum correct
INFO:root:Debian arm64 is up to date
INFO:__main__:Checking Arch Linux
INFO:root:archlinux-x86_64.iso is present
INFO:distros:getting checksums
INFO:distros:verifying checksum for archlinux-x86_64.iso
INFO:distros:comparing 8150e3c1a479de9134baa13cea4ff78856cca5ebeb9bdfa87ecfce2e47ac9b5b with 8150e3c1a479de9134baa13cea4ff78856cca5ebeb9bdfa87ecfce2e47ac9b5b
INFO:distros:checksum correct
INFO:root:Arch Linux x86_64 is up to date
INFO:__main__:Checking Ubuntu
INFO:root:ubuntu-24.10-desktop-amd64.iso is present
INFO:distros:getting checksums
INFO:distros:verifying checksum for ubuntu-24.10-desktop-amd64.iso
INFO:distros:filename not found in checksums
INFO:distros:{'*ubuntu-24.10-desktop-amd64.iso': '489079483487f92ad0d2f3d4b6c88a7b197969eb286b277534047920854a8b03', '*ubuntu-24.10-live-server-amd64.iso': '4fce7c02a5e5dbe3426da4aa0f8b7845e9a36aff29c5884d206a08e51b2c4c47'}
INFO:root:Ubuntu amd64 is old, redownloading
INFO:__main__:Downloading Ubuntu amd64
INFO:root:starting with args: Namespace(path='test', configure=True)
INFO:root:configure flag found, starting configuration
INFO:__main__:Checking Debian
INFO:root:debian-12.10.0-amd64-netinst.iso is present
INFO:distros:getting checksums
INFO:distros:verifying checksum for debian-12.10.0-amd64-netinst.iso
INFO:distros:comparing ee8d8579128977d7dc39d48f43aec5ab06b7f09e1f40a9d98f2a9d149221704a with ee8d8579128977d7dc39d48f43aec5ab06b7f09e1f40a9d98f2a9d149221704a
INFO:distros:checksum correct
INFO:root:Debian amd64 is up to date
INFO:root:debian-12.10.0-arm64-netinst.iso is present
INFO:distros:getting checksums
INFO:distros:verifying checksum for debian-12.10.0-arm64-netinst.iso
INFO:distros:comparing 94d3460a0ea9b43f538af7edfe1c882d5b6ecd1837f3f560379b148d36f59d19 with 94d3460a0ea9b43f538af7edfe1c882d5b6ecd1837f3f560379b148d36f59d19
INFO:distros:checksum correct
INFO:root:Debian arm64 is up to date
INFO:__main__:Checking Arch Linux
INFO:root:archlinux-x86_64.iso is present
INFO:distros:getting checksums
INFO:distros:verifying checksum for archlinux-x86_64.iso
INFO:distros:comparing 8150e3c1a479de9134baa13cea4ff78856cca5ebeb9bdfa87ecfce2e47ac9b5b with 8150e3c1a479de9134baa13cea4ff78856cca5ebeb9bdfa87ecfce2e47ac9b5b
INFO:distros:checksum correct
INFO:root:Arch Linux x86_64 is up to date
INFO:__main__:Checking Ubuntu
INFO:root:ubuntu-24.10-desktop-amd64.iso is present
INFO:distros:getting checksums
INFO:distros:verifying checksum for ubuntu-24.10-desktop-amd64.iso
INFO:distros:comparing 19bed581c5557470fef95f56e52366e2a0ae5807f9da541c9b2fa58959bd438b with 489079483487f92ad0d2f3d4b6c88a7b197969eb286b277534047920854a8b03
INFO:distros:checksum incorrect
INFO:distros:filename not found in checksums
INFO:distros:{'ubuntu-24.10-desktop-amd64.iso': '489079483487f92ad0d2f3d4b6c88a7b197969eb286b277534047920854a8b03', 'ubuntu-24.10-live-server-amd64.iso': '4fce7c02a5e5dbe3426da4aa0f8b7845e9a36aff29c5884d206a08e51b2c4c47'}
INFO:root:starting with args: Namespace(path='test', configure=True)
INFO:root:configure flag found, starting configuration
INFO:__main__:Checking Debian
INFO:root:debian-12.10.0-amd64-netinst.iso is present
INFO:distros:getting checksums
INFO:distros:verifying checksum for debian-12.10.0-amd64-netinst.iso
INFO:distros:comparing ee8d8579128977d7dc39d48f43aec5ab06b7f09e1f40a9d98f2a9d149221704a with ee8d8579128977d7dc39d48f43aec5ab06b7f09e1f40a9d98f2a9d149221704a
INFO:distros:checksum correct
INFO:root:Debian amd64 is up to date
INFO:root:debian-12.10.0-arm64-netinst.iso is present
INFO:distros:getting checksums
INFO:distros:verifying checksum for debian-12.10.0-arm64-netinst.iso
INFO:distros:comparing 94d3460a0ea9b43f538af7edfe1c882d5b6ecd1837f3f560379b148d36f59d19 with 94d3460a0ea9b43f538af7edfe1c882d5b6ecd1837f3f560379b148d36f59d19
INFO:distros:checksum correct
INFO:root:Debian arm64 is up to date
INFO:__main__:Checking Arch Linux
INFO:root:archlinux-x86_64.iso is present
INFO:distros:getting checksums
INFO:distros:verifying checksum for archlinux-x86_64.iso
INFO:distros:comparing 8150e3c1a479de9134baa13cea4ff78856cca5ebeb9bdfa87ecfce2e47ac9b5b with 8150e3c1a479de9134baa13cea4ff78856cca5ebeb9bdfa87ecfce2e47ac9b5b
INFO:distros:checksum correct
INFO:root:Arch Linux x86_64 is up to date
INFO:__main__:Checking Ubuntu
INFO:root:ubuntu-24.10-desktop-amd64.iso is present
INFO:distros:getting checksums
INFO:distros:verifying checksum for ubuntu-24.10-desktop-amd64.iso
INFO:distros:comparing 19bed581c5557470fef95f56e52366e2a0ae5807f9da541c9b2fa58959bd438b with 489079483487f92ad0d2f3d4b6c88a7b197969eb286b277534047920854a8b03
INFO:distros:checksum incorrect
INFO:distros:ubuntu-24.10-desktop-amd64.iso not found in checksums
INFO:distros:{'ubuntu-24.10-desktop-amd64.iso': '489079483487f92ad0d2f3d4b6c88a7b197969eb286b277534047920854a8b03', 'ubuntu-24.10-live-server-amd64.iso': '4fce7c02a5e5dbe3426da4aa0f8b7845e9a36aff29c5884d206a08e51b2c4c47'}
INFO:root:starting with args: Namespace(path='test', configure=True)
INFO:root:configure flag found, starting configuration
INFO:__main__:Checking Debian
INFO:root:debian-12.10.0-amd64-netinst.iso is present
INFO:distros:getting checksums
INFO:distros:verifying checksum for debian-12.10.0-amd64-netinst.iso
INFO:distros:comparing ee8d8579128977d7dc39d48f43aec5ab06b7f09e1f40a9d98f2a9d149221704a with ee8d8579128977d7dc39d48f43aec5ab06b7f09e1f40a9d98f2a9d149221704a
INFO:distros:checksum correct
INFO:root:Debian amd64 is up to date
INFO:root:debian-12.10.0-arm64-netinst.iso is present
INFO:distros:getting checksums
INFO:distros:verifying checksum for debian-12.10.0-arm64-netinst.iso
INFO:distros:comparing 94d3460a0ea9b43f538af7edfe1c882d5b6ecd1837f3f560379b148d36f59d19 with 94d3460a0ea9b43f538af7edfe1c882d5b6ecd1837f3f560379b148d36f59d19
INFO:distros:checksum correct
INFO:root:Debian arm64 is up to date
INFO:__main__:Checking Arch Linux
INFO:root:archlinux-x86_64.iso is present
INFO:distros:getting checksums
INFO:distros:verifying checksum for archlinux-x86_64.iso
INFO:distros:comparing 8150e3c1a479de9134baa13cea4ff78856cca5ebeb9bdfa87ecfce2e47ac9b5b with 8150e3c1a479de9134baa13cea4ff78856cca5ebeb9bdfa87ecfce2e47ac9b5b
INFO:distros:checksum correct
INFO:root:Arch Linux x86_64 is up to date
INFO:__main__:Checking Ubuntu
INFO:root:ubuntu-24.10-desktop-amd64.iso is present
INFO:distros:getting checksums
INFO:distros:verifying checksum for ubuntu-24.10-desktop-amd64.iso
INFO:root:starting with args: Namespace(path='test', configure=True)
INFO:root:configure flag found, starting configuration
INFO:__main__:Checking Debian
INFO:root:debian-12.10.0-amd64-netinst.iso is present
INFO:distros:getting checksums
INFO:distros:verifying checksum for debian-12.10.0-amd64-netinst.iso
INFO:distros:comparing ee8d8579128977d7dc39d48f43aec5ab06b7f09e1f40a9d98f2a9d149221704a with ee8d8579128977d7dc39d48f43aec5ab06b7f09e1f40a9d98f2a9d149221704a
INFO:distros:checksum correct
INFO:root:Debian amd64 is up to date
INFO:root:debian-12.10.0-arm64-netinst.iso is present
INFO:distros:getting checksums
INFO:distros:verifying checksum for debian-12.10.0-arm64-netinst.iso
INFO:distros:comparing 94d3460a0ea9b43f538af7edfe1c882d5b6ecd1837f3f560379b148d36f59d19 with 94d3460a0ea9b43f538af7edfe1c882d5b6ecd1837f3f560379b148d36f59d19
INFO:distros:checksum correct
INFO:root:Debian arm64 is up to date
INFO:__main__:Checking Arch Linux
INFO:root:archlinux-x86_64.iso is present
INFO:distros:getting checksums
INFO:distros:verifying checksum for archlinux-x86_64.iso
INFO:distros:comparing 8150e3c1a479de9134baa13cea4ff78856cca5ebeb9bdfa87ecfce2e47ac9b5b with 8150e3c1a479de9134baa13cea4ff78856cca5ebeb9bdfa87ecfce2e47ac9b5b
INFO:distros:checksum correct
INFO:root:Arch Linux x86_64 is up to date
INFO:__main__:Checking Ubuntu
INFO:root:ubuntu-24.10-desktop-amd64.iso is present
INFO:distros:getting checksums
INFO:distros:verifying checksum for ubuntu-24.10-desktop-amd64.iso
INFO:distros:comparing 19bed581c5557470fef95f56e52366e2a0ae5807f9da541c9b2fa58959bd438b with 489079483487f92ad0d2f3d4b6c88a7b197969eb286b277534047920854a8b03
INFO:distros:checksum incorrect
INFO:distros:ubuntu-24.10-desktop-amd64.iso not found in checksums
INFO:distros:{'ubuntu-24.10-desktop-amd64.iso': '489079483487f92ad0d2f3d4b6c88a7b197969eb286b277534047920854a8b03', 'ubuntu-24.10-live-server-amd64.iso': '4fce7c02a5e5dbe3426da4aa0f8b7845e9a36aff29c5884d206a08e51b2c4c47'}
INFO:root:starting with args: Namespace(path='test', configure=True)
INFO:root:configure flag found, starting configuration
INFO:__main__:Checking Debian
INFO:root:debian-12.10.0-amd64-netinst.iso is present
INFO:distros:getting checksums
INFO:distros:verifying checksum for debian-12.10.0-amd64-netinst.iso
INFO:distros:comparing ee8d8579128977d7dc39d48f43aec5ab06b7f09e1f40a9d98f2a9d149221704a with ee8d8579128977d7dc39d48f43aec5ab06b7f09e1f40a9d98f2a9d149221704a
INFO:distros:checksum correct
INFO:root:Debian amd64 is up to date
INFO:root:debian-12.10.0-arm64-netinst.iso is present
INFO:distros:getting checksums
INFO:distros:verifying checksum for debian-12.10.0-arm64-netinst.iso
INFO:distros:comparing 94d3460a0ea9b43f538af7edfe1c882d5b6ecd1837f3f560379b148d36f59d19 with 94d3460a0ea9b43f538af7edfe1c882d5b6ecd1837f3f560379b148d36f59d19
INFO:distros:checksum correct
INFO:root:Debian arm64 is up to date
INFO:__main__:Checking Arch Linux
INFO:root:archlinux-x86_64.iso is present
INFO:distros:getting checksums
INFO:distros:verifying checksum for archlinux-x86_64.iso
INFO:distros:comparing 8150e3c1a479de9134baa13cea4ff78856cca5ebeb9bdfa87ecfce2e47ac9b5b with 8150e3c1a479de9134baa13cea4ff78856cca5ebeb9bdfa87ecfce2e47ac9b5b
INFO:distros:checksum correct
INFO:root:Arch Linux x86_64 is up to date
INFO:__main__:Checking Ubuntu
INFO:root:ubuntu-24.10-desktop-amd64.iso is present
INFO:distros:getting checksums
INFO:distros:verifying checksum for ubuntu-24.10-desktop-amd64.iso
INFO:distros:comparing 19bed581c5557470fef95f56e52366e2a0ae5807f9da541c9b2fa58959bd438b with 489079483487f92ad0d2f3d4b6c88a7b197969eb286b277534047920854a8b03
INFO:distros:checksum incorrect
INFO:root:Ubuntu amd64 is old, redownloading
INFO:__main__:Downloading Ubuntu amd64
INFO:__main__:Verifying Ubuntu amd64
INFO:distros:verifying checksum for ubuntu-24.10-desktop-amd64.iso
INFO:distros:comparing 489079483487f92ad0d2f3d4b6c88a7b197969eb286b277534047920854a8b03 with 489079483487f92ad0d2f3d4b6c88a7b197969eb286b277534047920854a8b03
INFO:distros:checksum correct
INFO:__main__:Ubuntu amd64 downloaded successfully
INFO:root:starting with args: Namespace(path='test', configure=True)
INFO:root:configure flag found, starting configuration
INFO:__main__:Checking Debian
INFO:root:debian-12.10.0-amd64-netinst.iso is present
INFO:distros:getting checksums
INFO:distros:verifying checksum for debian-12.10.0-amd64-netinst.iso
INFO:distros:comparing ee8d8579128977d7dc39d48f43aec5ab06b7f09e1f40a9d98f2a9d149221704a with ee8d8579128977d7dc39d48f43aec5ab06b7f09e1f40a9d98f2a9d149221704a
INFO:distros:checksum correct
INFO:root:Debian amd64 is up to date
INFO:root:debian-12.10.0-arm64-netinst.iso is present
INFO:distros:getting checksums
INFO:distros:verifying checksum for debian-12.10.0-arm64-netinst.iso
INFO:distros:comparing 94d3460a0ea9b43f538af7edfe1c882d5b6ecd1837f3f560379b148d36f59d19 with 94d3460a0ea9b43f538af7edfe1c882d5b6ecd1837f3f560379b148d36f59d19
INFO:distros:checksum correct
INFO:root:Debian arm64 is up to date
INFO:__main__:Checking Arch Linux
INFO:root:archlinux-x86_64.iso is present
INFO:distros:getting checksums
INFO:distros:verifying checksum for archlinux-x86_64.iso
INFO:distros:comparing 8150e3c1a479de9134baa13cea4ff78856cca5ebeb9bdfa87ecfce2e47ac9b5b with 8150e3c1a479de9134baa13cea4ff78856cca5ebeb9bdfa87ecfce2e47ac9b5b
INFO:distros:checksum correct
INFO:root:Arch Linux x86_64 is up to date
INFO:__main__:Checking Ubuntu
INFO:root:ubuntu-24.10-desktop-amd64.iso is present
INFO:distros:getting checksums
INFO:distros:verifying checksum for ubuntu-24.10-desktop-amd64.iso
INFO:distros:comparing 489079483487f92ad0d2f3d4b6c88a7b197969eb286b277534047920854a8b03 with 489079483487f92ad0d2f3d4b6c88a7b197969eb286b277534047920854a8b03
INFO:distros:checksum correct
INFO:root:Ubuntu amd64 is up to date
INFO:__main__:Checking PopOS
INFO:root:starting with args: Namespace(path='test', configure=True)
INFO:root:configure flag found, starting configuration
INFO:__main__:Checking Debian
INFO:root:debian-12.10.0-amd64-netinst.iso is present
INFO:distros:getting checksums
INFO:distros:verifying checksum for debian-12.10.0-amd64-netinst.iso
INFO:distros:comparing ee8d8579128977d7dc39d48f43aec5ab06b7f09e1f40a9d98f2a9d149221704a with ee8d8579128977d7dc39d48f43aec5ab06b7f09e1f40a9d98f2a9d149221704a
INFO:distros:checksum correct
INFO:root:Debian amd64 is up to date
INFO:root:debian-12.10.0-arm64-netinst.iso is present
INFO:distros:getting checksums
INFO:distros:verifying checksum for debian-12.10.0-arm64-netinst.iso
INFO:distros:comparing 94d3460a0ea9b43f538af7edfe1c882d5b6ecd1837f3f560379b148d36f59d19 with 94d3460a0ea9b43f538af7edfe1c882d5b6ecd1837f3f560379b148d36f59d19
INFO:distros:checksum correct
INFO:root:Debian arm64 is up to date
INFO:__main__:Checking Arch Linux
INFO:root:archlinux-x86_64.iso is present
INFO:distros:getting checksums
INFO:distros:verifying checksum for archlinux-x86_64.iso
INFO:distros:comparing 8150e3c1a479de9134baa13cea4ff78856cca5ebeb9bdfa87ecfce2e47ac9b5b with 8150e3c1a479de9134baa13cea4ff78856cca5ebeb9bdfa87ecfce2e47ac9b5b
INFO:distros:checksum correct
INFO:root:Arch Linux x86_64 is up to date
INFO:__main__:Checking Ubuntu
INFO:root:ubuntu-24.10-desktop-amd64.iso is present
INFO:distros:getting checksums
INFO:distros:verifying checksum for ubuntu-24.10-desktop-amd64.iso
INFO:distros:comparing 489079483487f92ad0d2f3d4b6c88a7b197969eb286b277534047920854a8b03 with 489079483487f92ad0d2f3d4b6c88a7b197969eb286b277534047920854a8b03
INFO:distros:checksum correct
INFO:root:Ubuntu amd64 is up to date
INFO:__main__:Checking PopOS
ERROR:distros:Failed to get sha256sum for PopOS
INFO:root:starting with args: Namespace(path='test', configure=True)
INFO:root:configure flag found, starting configuration
INFO:__main__:Checking Debian
INFO:root:debian-12.10.0-amd64-netinst.iso is present
INFO:distros:getting checksums
INFO:distros:verifying checksum for debian-12.10.0-amd64-netinst.iso
INFO:distros:comparing ee8d8579128977d7dc39d48f43aec5ab06b7f09e1f40a9d98f2a9d149221704a with ee8d8579128977d7dc39d48f43aec5ab06b7f09e1f40a9d98f2a9d149221704a
INFO:distros:checksum correct
INFO:root:Debian amd64 is up to date
INFO:root:debian-12.10.0-arm64-netinst.iso is present
INFO:distros:getting checksums
INFO:distros:verifying checksum for debian-12.10.0-arm64-netinst.iso
INFO:distros:comparing 94d3460a0ea9b43f538af7edfe1c882d5b6ecd1837f3f560379b148d36f59d19 with 94d3460a0ea9b43f538af7edfe1c882d5b6ecd1837f3f560379b148d36f59d19
INFO:distros:checksum correct
INFO:root:Debian arm64 is up to date
INFO:__main__:Checking Arch Linux
INFO:root:archlinux-x86_64.iso is present
INFO:distros:getting checksums
INFO:distros:verifying checksum for archlinux-x86_64.iso
INFO:distros:comparing 8150e3c1a479de9134baa13cea4ff78856cca5ebeb9bdfa87ecfce2e47ac9b5b with 8150e3c1a479de9134baa13cea4ff78856cca5ebeb9bdfa87ecfce2e47ac9b5b
INFO:distros:checksum correct
INFO:root:Arch Linux x86_64 is up to date
INFO:__main__:Checking Ubuntu
INFO:root:ubuntu-24.10-desktop-amd64.iso is present
INFO:distros:getting checksums
INFO:distros:verifying checksum for ubuntu-24.10-desktop-amd64.iso
INFO:distros:comparing 489079483487f92ad0d2f3d4b6c88a7b197969eb286b277534047920854a8b03 with 489079483487f92ad0d2f3d4b6c88a7b197969eb286b277534047920854a8b03
INFO:distros:checksum correct
INFO:root:Ubuntu amd64 is up to date
INFO:__main__:Checking PopOS
ERROR:distros:Failed to get sha256sum for PopOS
